# JRE version: OpenJDK Runtime Environment Microsoft-8035250 (11.0.20+8) (build 11.0.20+8-LTS)
# Java VM: OpenJDK 64-Bit Server VM Microsoft-8035250 (11.0.20+8-LTS, mixed mode, tiered, compressed oops, g1 gc, windows-amd64)
Heap:
 garbage-first heap   total 540672K, used 120045K [0x0000000082600000, 0x0000000100000000)
  region size 1024K, 2 young (2048K), 2 survivors (2048K)
 Metaspace       used 88782K, capacity 89737K, committed 89856K, reserved 1130496K
  class space    used 9308K, capacity 9713K, committed 9804K, reserved 1048576K
GC Heap History (20 events):
Event: 154.360 GC heap after
{Heap after GC invocations=52 (full 0):
 garbage-first heap   total 129024K, used 109483K [0x0000000082600000, 0x0000000100000000)
  region size 1024K, 1 young (1024K), 1 survivors (1024K)
 Metaspace       used 78774K, capacity 79703K, committed 79872K, reserved 1120256K
  class space    used 8340K, capacity 8715K, committed 8780K, reserved 1048576K
}
Event: 154.427 GC heap before
{Heap before GC invocations=52 (full 0):
 garbage-first heap   total 129024K, used 114603K [0x0000000082600000, 0x0000000100000000)
  region size 1024K, 6 young (6144K), 1 survivors (1024K)
 Metaspace       used 78812K, capacity 79703K, committed 79872K, reserved 1120256K
  class space    used 8342K, capacity 8715K, committed 8780K, reserved 1048576K
}
Event: 154.441 GC heap after
{Heap after GC invocations=53 (full 0):
 garbage-first heap   total 155648K, used 110625K [0x0000000082600000, 0x0000000100000000)
  region size 1024K, 1 young (1024K), 1 survivors (1024K)
 Metaspace       used 78812K, capacity 79703K, committed 79872K, reserved 1120256K
  class space    used 8342K, capacity 8715K, committed 8780K, reserved 1048576K
}
Event: 154.720 GC heap before
{Heap before GC invocations=54 (full 0):
 garbage-first heap   total 155648K, used 121889K [0x0000000082600000, 0x0000000100000000)
  region size 1024K, 12 young (12288K), 1 survivors (1024K)
 Metaspace       used 78893K, capacity 79831K, committed 80128K, reserved 1120256K
  class space    used 8343K, capacity 8715K, committed 8780K, reserved 1048576K
}
Event: 154.734 GC heap after
{Heap after GC invocations=55 (full 0):
 garbage-first heap   total 155648K, used 113283K [0x0000000082600000, 0x0000000100000000)
  region size 1024K, 2 young (2048K), 2 survivors (2048K)
 Metaspace       used 78893K, capacity 79831K, committed 80128K, reserved 1120256K
  class space    used 8343K, capacity 8715K, committed 8780K, reserved 1048576K
}
Event: 155.032 GC heap before
{Heap before GC invocations=55 (full 0):
 garbage-first heap   total 155648K, used 124547K [0x0000000082600000, 0x0000000100000000)
  region size 1024K, 13 young (13312K), 2 survivors (2048K)
 Metaspace       used 79211K, capacity 80119K, committed 80384K, reserved 1120256K
  class space    used 8376K, capacity 8747K, committed 8780K, reserved 1048576K
}
Event: 155.042 GC heap after
{Heap after GC invocations=56 (full 0):
 garbage-first heap   total 155648K, used 116062K [0x0000000082600000, 0x0000000100000000)
  region size 1024K, 2 young (2048K), 2 survivors (2048K)
 Metaspace       used 79211K, capacity 80119K, committed 80384K, reserved 1120256K
  class space    used 8376K, capacity 8747K, committed 8780K, reserved 1048576K
}
Event: 156.256 GC heap before
{Heap before GC invocations=57 (full 0):
 garbage-first heap   total 155648K, used 126302K [0x0000000082600000, 0x0000000100000000)
  region size 1024K, 12 young (12288K), 2 survivors (2048K)
 Metaspace       used 80385K, capacity 81306K, committed 81664K, reserved 1122304K
  class space    used 8519K, capacity 8908K, committed 9036K, reserved 1048576K
}
Event: 156.271 GC heap after
{Heap after GC invocations=58 (full 0):
 garbage-first heap   total 155648K, used 120538K [0x0000000082600000, 0x0000000100000000)
  region size 1024K, 2 young (2048K), 2 survivors (2048K)
 Metaspace       used 80385K, capacity 81306K, committed 81664K, reserved 1122304K
  class space    used 8519K, capacity 8908K, committed 9036K, reserved 1048576K
}
Event: 157.077 GC heap before
{Heap before GC invocations=58 (full 0):
 garbage-first heap   total 155648K, used 128730K [0x0000000082600000, 0x0000000100000000)
  region size 1024K, 10 young (10240K), 2 survivors (2048K)
 Metaspace       used 81653K, capacity 82586K, committed 82816K, reserved 1122304K
  class space    used 8644K, capacity 9036K, committed 9164K, reserved 1048576K
}
Event: 157.087 GC heap after
{Heap after GC invocations=59 (full 0):
 garbage-first heap   total 211968K, used 121340K [0x0000000082600000, 0x0000000100000000)
  region size 1024K, 1 young (1024K), 1 survivors (1024K)
 Metaspace       used 81653K, capacity 82586K, committed 82816K, reserved 1122304K
  class space    used 8644K, capacity 9036K, committed 9164K, reserved 1048576K
}
Event: 160.590 GC heap before
{Heap before GC invocations=60 (full 0):
 garbage-first heap   total 211968K, used 142844K [0x0000000082600000, 0x0000000100000000)
  region size 1024K, 25 young (25600K), 1 survivors (1024K)
 Metaspace       used 84840K, capacity 85786K, committed 85888K, reserved 1126400K
  class space    used 8980K, capacity 9356K, committed 9420K, reserved 1048576K
}
Event: 161.170 GC heap after
{Heap after GC invocations=61 (full 0):
 garbage-first heap   total 211968K, used 120310K [0x0000000082600000, 0x0000000100000000)
  region size 1024K, 2 young (2048K), 2 survivors (2048K)
 Metaspace       used 84840K, capacity 85786K, committed 85888K, reserved 1126400K
  class space    used 8980K, capacity 9356K, committed 9420K, reserved 1048576K
}
Event: 161.604 GC heap before
{Heap before GC invocations=61 (full 0):
 garbage-first heap   total 211968K, used 127478K [0x0000000082600000, 0x0000000100000000)
  region size 1024K, 10 young (10240K), 2 survivors (2048K)
 Metaspace       used 85845K, capacity 86781K, committed 87040K, reserved 1126400K
  class space    used 9066K, capacity 9453K, committed 9548K, reserved 1048576K
}
Event: 161.637 GC heap after
{Heap after GC invocations=62 (full 0):
 garbage-first heap   total 211968K, used 117510K [0x0000000082600000, 0x0000000100000000)
  region size 1024K, 2 young (2048K), 2 survivors (2048K)
 Metaspace       used 85845K, capacity 86781K, committed 87040K, reserved 1126400K
  class space    used 9066K, capacity 9453K, committed 9548K, reserved 1048576K
}
Event: 162.448 GC heap before
{Heap before GC invocations=62 (full 0):
 garbage-first heap   total 211968K, used 146182K [0x0000000082600000, 0x0000000100000000)
  region size 1024K, 30 young (30720K), 2 survivors (2048K)
 Metaspace       used 87611K, capacity 88553K, committed 88704K, reserved 1128448K
  class space    used 9230K, capacity 9617K, committed 9676K, reserved 1048576K
}
Event: 162.457 GC heap after
{Heap after GC invocations=63 (full 0):
 garbage-first heap   total 211968K, used 119014K [0x0000000082600000, 0x0000000100000000)
  region size 1024K, 4 young (4096K), 4 survivors (4096K)
 Metaspace       used 87611K, capacity 88553K, committed 88704K, reserved 1128448K
  class space    used 9230K, capacity 9617K, committed 9676K, reserved 1048576K
}
Event: 163.176 GC heap before
{Heap before GC invocations=64 (full 0):
 garbage-first heap   total 211968K, used 149734K [0x0000000082600000, 0x0000000100000000)
  region size 1024K, 34 young (34816K), 4 survivors (4096K)
 Metaspace       used 88658K, capacity 89577K, committed 89856K, reserved 1130496K
  class space    used 9298K, capacity 9681K, committed 9804K, reserved 1048576K
}
Event: 163.196 GC heap after
{Heap after GC invocations=65 (full 0):
 garbage-first heap   total 211968K, used 120074K [0x0000000082600000, 0x0000000100000000)
  region size 1024K, 3 young (3072K), 3 survivors (3072K)
 Metaspace       used 88658K, capacity 89577K, committed 89856K, reserved 1130496K
  class space    used 9298K, capacity 9681K, committed 9804K, reserved 1048576K
}
Event: 163.376 GC heap before
{Heap before GC invocations=65 (full 0):
 garbage-first heap   total 211968K, used 127242K [0x0000000082600000, 0x0000000100000000)
  region size 1024K, 10 young (10240K), 3 survivors (3072K)
 Metaspace       used 88782K, capacity 89737K, committed 89856K, reserved 1130496K
  class space    used 9308K, capacity 9713K, committed 9804K, reserved 1048576K
}

