# JRE version: OpenJDK Runtime Environment Microsoft-8035250 (11.0.20+8) (build 11.0.20+8-LTS)
# Java VM: OpenJDK 64-Bit Server VM Microsoft-8035250 (11.0.20+8-LTS, mixed mode, tiered, compressed oops, g1 gc, windows-amd64)
Heap:
 garbage-first heap   total 129024K, used 87408K [0x0000000082600000, 0x0000000100000000)
  region size 1024K, 62 young (63488K), 8 survivors (8192K)
 Metaspace       used 53640K, capacity 54165K, committed 54348K, reserved 1097728K
  class space    used 6132K, capacity 6363K, committed 6476K, reserved 1048576K
GC Heap History (10 events):
Event: 1.654 GC heap before
{Heap before GC invocations=0 (full 0):
 garbage-first heap   total 129024K, used 28672K [0x0000000082600000, 0x0000000100000000)
  region size 1024K, 24 young (24576K), 0 survivors (0K)
 Metaspace       used 12098K, capacity 12216K, committed 12544K, reserved 1060864K
  class space    used 1111K, capacity 1175K, committed 1280K, reserved 1048576K
}
Event: 1.675 GC heap after
{Heap after GC invocations=1 (full 0):
 garbage-first heap   total 129024K, used 6914K [0x0000000082600000, 0x0000000100000000)
  region size 1024K, 3 young (3072K), 3 survivors (3072K)
 Metaspace       used 12098K, capacity 12216K, committed 12544K, reserved 1060864K
  class space    used 1111K, capacity 1175K, committed 1280K, reserved 1048576K
}
Event: 5.687 GC heap before
{Heap before GC invocations=1 (full 0):
 garbage-first heap   total 129024K, used 45826K [0x0000000082600000, 0x0000000100000000)
  region size 1024K, 42 young (43008K), 3 survivors (3072K)
 Metaspace       used 21021K, capacity 21185K, committed 21248K, reserved 1069056K
  class space    used 2213K, capacity 2302K, committed 2304K, reserved 1048576K
}
Event: 5.725 GC heap after
{Heap after GC invocations=2 (full 0):
 garbage-first heap   total 129024K, used 10334K [0x0000000082600000, 0x0000000100000000)
  region size 1024K, 7 young (7168K), 7 survivors (7168K)
 Metaspace       used 21021K, capacity 21185K, committed 21248K, reserved 1069056K
  class space    used 2213K, capacity 2302K, committed 2304K, reserved 1048576K
}
Event: 18.703 GC heap before
{Heap before GC invocations=3 (full 0):
 garbage-first heap   total 129024K, used 64606K [0x0000000082600000, 0x0000000100000000)
  region size 1024K, 54 young (55296K), 7 survivors (7168K)
 Metaspace       used 32226K, capacity 32617K, committed 32896K, reserved 1077248K
  class space    used 3970K, capacity 4145K, committed 4224K, reserved 1048576K
}
Event: 18.750 GC heap after
{Heap after GC invocations=4 (full 0):
 garbage-first heap   total 129024K, used 23103K [0x0000000082600000, 0x0000000100000000)
  region size 1024K, 7 young (7168K), 7 survivors (7168K)
 Metaspace       used 32226K, capacity 32617K, committed 32896K, reserved 1077248K
  class space    used 3970K, capacity 4145K, committed 4224K, reserved 1048576K
}
Event: 22.187 GC heap before
{Heap before GC invocations=4 (full 0):
 garbage-first heap   total 129024K, used 35391K [0x0000000082600000, 0x0000000100000000)
  region size 1024K, 20 young (20480K), 7 survivors (7168K)
 Metaspace       used 35372K, capacity 35753K, committed 35840K, reserved 1081344K
  class space    used 4301K, capacity 4465K, committed 4480K, reserved 1048576K
}
Event: 22.220 GC heap after
{Heap after GC invocations=5 (full 0):
 garbage-first heap   total 129024K, used 24816K [0x0000000082600000, 0x0000000100000000)
  region size 1024K, 2 young (2048K), 2 survivors (2048K)
 Metaspace       used 35372K, capacity 35753K, committed 35840K, reserved 1081344K
  class space    used 4301K, capacity 4465K, committed 4480K, reserved 1048576K
}
Event: 55.185 GC heap before
{Heap before GC invocations=6 (full 0):
 garbage-first heap   total 129024K, used 84208K [0x0000000082600000, 0x0000000100000000)
  region size 1024K, 60 young (61440K), 2 survivors (2048K)
 Metaspace       used 46952K, capacity 47535K, committed 47692K, reserved 1091584K
  class space    used 5419K, capacity 5653K, committed 5708K, reserved 1048576K
}
Event: 55.218 GC heap after
{Heap after GC invocations=7 (full 0):
 garbage-first heap   total 129024K, used 32112K [0x0000000082600000, 0x0000000100000000)
  region size 1024K, 8 young (8192K), 8 survivors (8192K)
 Metaspace       used 46952K, capacity 47535K, committed 47692K, reserved 1091584K
  class space    used 5419K, capacity 5653K, committed 5708K, reserved 1048576K
}

